<?xml version="1.0" encoding="UTF-8"?>
<!-- Generated by org.testng.reporters.JUnitReportReporter -->
<testsuite hostname="DESKTOP-FGMS4CL" failures="0" tests="1" name="com.myFirstJavaProjectV1.testCases.TC_AddNewCustomer_003" time="23.498" errors="0" timestamp="25 Apr 2019 19:34:12 GMT" skipped="0">
  <testcase classname="com.myFirstJavaProjectV1.testCases.TC_AddNewCustomer_003" name="addNewCustomer" time="23.498"/>
</testsuite> <!-- com.myFirstJavaProjectV1.testCases.TC_AddNewCustomer_003 -->
