<?xml version="1.0" encoding="UTF-8"?>
<!-- Generated by org.testng.reporters.JUnitReportReporter -->
<testsuite hostname="DESKTOP-FGMS4CL" failures="0" tests="1" name="com.myFirstJavaProjectV1.testCases.TC_LoginTest_001" time="7.369" errors="0" timestamp="25 Apr 2019 19:34:12 GMT" skipped="0">
  <testcase classname="com.myFirstJavaProjectV1.testCases.TC_LoginTest_001" name="loginTest" time="7.369"/>
</testsuite> <!-- com.myFirstJavaProjectV1.testCases.TC_LoginTest_001 -->
