<?xml version="1.0" encoding="UTF-8"?>
<!-- Generated by org.testng.reporters.JUnitReportReporter -->
<testsuite hostname="DESKTOP-FGMS4CL" failures="0" tests="1" name="com.myFirstJavaProjectV1.testCases.TC_LoginTest_001" time="3.894" errors="0" timestamp="26 Apr 2019 02:36:43 GMT" skipped="0">
  <testcase classname="com.myFirstJavaProjectV1.testCases.TC_LoginTest_001" name="loginTest" time="3.894"/>
</testsuite> <!-- com.myFirstJavaProjectV1.testCases.TC_LoginTest_001 -->
