<?xml version="1.0" encoding="UTF-8"?>
<!-- Generated by org.testng.reporters.JUnitReportReporter -->
<testsuite hostname="DESKTOP-FGMS4CL" failures="0" tests="1" name="com.myFirstJavaProjectV1.testCases.TC_AddNewCustomer_003" time="17.276" errors="0" timestamp="26 Apr 2019 02:36:43 GMT" skipped="0">
  <testcase classname="com.myFirstJavaProjectV1.testCases.TC_AddNewCustomer_003" name="addNewCustomer" time="17.276"/>
</testsuite> <!-- com.myFirstJavaProjectV1.testCases.TC_AddNewCustomer_003 -->
